<?xml version="1.0" encoding="UTF-8"?>
<testsuite name="com.example.ServerTest" tests="1" skipped="0" failures="1" errors="0" timestamp="2026-06-05T11:56:12.721Z" hostname="LAPTOP-AJA88O31" time="0.572">
  <properties/>
  <testcase name="test root endpoint" classname="com.example.ServerTest" time="0.572">
    <failure message="io.ktor.server.config.ApplicationConfigurationException: Required environment variable &quot;JWT_SECRET&quot; not found and no default value is present" type="io.ktor.server.config.ApplicationConfigurationException">io.ktor.server.config.ApplicationConfigurationException: Required environment variable &quot;JWT_SECRET&quot; not found and no default value is present
	at app//io.ktor.server.config.yaml.YamlConfigKt.resolveReference(YamlConfig.kt:230)
	at app//io.ktor.server.config.yaml.YamlConfigKt.resolveReferences(YamlConfig.kt:193)
	at app//io.ktor.server.config.yaml.YamlConfigKt.swapEnvironmentVariables$replace(YamlConfig.kt:174)
	at app//io.ktor.server.config.yaml.YamlConfigKt.swapEnvironmentVariables$replace(YamlConfig.kt:173)
	at app//io.ktor.server.config.yaml.YamlConfigKt.swapEnvironmentVariables$replace(YamlConfig.kt:173)
	at app//io.ktor.server.config.yaml.YamlConfigKt.swapEnvironmentVariables(YamlConfig.kt:179)
	at app//io.ktor.server.config.yaml.YamlConfigKt.access$swapEnvironmentVariables(YamlConfig.kt:1)
	at app//io.ktor.server.config.yaml.YamlConfig$Companion.from$ktor_server_config_yaml(YamlConfig.kt:52)
	at app//io.ktor.server.config.yaml.YamlConfigJvmKt.configFromString(YamlConfigJvm.kt:41)
	at app//io.ktor.server.config.yaml.YamlConfigJvmKt.YamlConfig(YamlConfigJvm.kt:29)
	at app//io.ktor.server.config.yaml.YamlConfigLoader.load(YamlConfig.kt:29)
	at app//io.ktor.server.config.ConfigLoader$Companion.load(ConfigLoaders.kt:59)
	at app//io.ktor.server.config.ConfigLoader$Companion.load$default(ConfigLoaders.kt:52)
	at app//io.ktor.server.config.ConfigLoader$Companion.loadAll(ConfigLoaders.kt:42)
	at app//io.ktor.server.engine.ApplicationEnvironmentBuilderKt.configure(ApplicationEnvironmentBuilder.kt:60)
	at app//io.ktor.server.testing.TestApplicationBuilder.configure$lambda$0(TestApplication.kt:349)
	at app//io.ktor.server.testing.TestApplicationBuilder.environment$lambda$0(TestApplication.kt:275)
	at app//io.ktor.server.testing.TestApplicationBuilder.properties_delegate$lambda$0$0(TestApplication.kt:197)
	at app//io.ktor.server.testing.TestEngineKt.createTestEnvironment$lambda$1(TestEngine.kt:24)
	at app//io.ktor.server.engine.ApplicationEnvironmentBuilderKt.applicationEnvironment(ApplicationEnvironmentBuilder.kt:45)
	at app//io.ktor.server.testing.TestEngineKt.createTestEnvironment(TestEngine.kt:21)
	at app//io.ktor.server.testing.TestApplicationBuilder.properties_delegate$lambda$0(TestApplication.kt:195)
	at app//kotlin.SynchronizedLazyImpl.getValue(LazyJVM.kt:86)
	at app//io.ktor.server.testing.TestApplicationBuilder.getProperties$ktor_server_test_host(TestApplication.kt:193)
	at app//io.ktor.server.testing.TestApplicationBuilder.embeddedServer_delegate$lambda$0(TestApplication.kt:212)
	at app//kotlin.SynchronizedLazyImpl.getValue(LazyJVM.kt:86)
	at app//io.ktor.server.testing.TestApplicationBuilder.getEmbeddedServer$ktor_server_test_host(TestApplication.kt:211)
	at app//io.ktor.server.testing.ApplicationTestBuilder.testApplication_delegate$lambda$0$0(TestApplication.kt:391)
	at app//io.ktor.server.testing.TestApplication.server_delegate$lambda$0(TestApplication.kt:84)
	at app//kotlin.SynchronizedLazyImpl.getValue(LazyJVM.kt:86)
	at app//io.ktor.server.testing.TestApplication.getServer$ktor_server_test_host(TestApplication.kt:84)
	at app//io.ktor.server.testing.TestApplication.applicationStarting_delegate$lambda$0(TestApplication.kt:85)
	at app//kotlin.SynchronizedLazyImpl.getValue(LazyJVM.kt:86)
	at app//io.ktor.server.testing.TestApplication.getApplicationStarting(TestApplication.kt:85)
	at app//io.ktor.server.testing.TestApplication.start(TestApplication.kt:106)
	at app//io.ktor.server.testing.client.DelegatingTestClientEngine.execute(DelegatingTestClientEngine.kt:48)
	at app//io.ktor.client.engine.HttpClientEngine$executeWithinCallContext$2.invokeSuspend(HttpClientEngine.kt:183)
	at _COROUTINE._BOUNDARY._(CoroutineDebugging.kt:42)
	at io.ktor.client.engine.HttpClientEngine.executeWithinCallContext(HttpClientEngine.kt:184)
	at io.ktor.client.engine.HttpClientEngine$install$1.invokeSuspend(HttpClientEngine.kt:154)
	at io.ktor.util.pipeline.DebugPipelineContext.proceedLoop(DebugPipelineContext.kt:79)
	at io.ktor.client.plugins.HttpSend$DefaultSender.execute(HttpSend.kt:141)
	at io.ktor.client.plugins.HttpRedirectKt$HttpRedirect$2$1.invokeSuspend(HttpRedirect.kt:112)
	at io.ktor.client.plugins.api.Send$install$1.invokeSuspend(CommonHooks.kt:52)
	at io.ktor.client.plugins.HttpCallValidatorKt$HttpCallValidator$2$2.invokeSuspend(HttpCallValidator.kt:143)
	at io.ktor.client.plugins.api.Send$install$1.invokeSuspend(CommonHooks.kt:52)
	at io.ktor.client.plugins.HttpSend$Plugin$install$1.invokeSuspend(HttpSend.kt:107)
	at io.ktor.util.pipeline.DebugPipelineContext.proceedLoop(DebugPipelineContext.kt:79)
	at io.ktor.client.plugins.RequestError$install$1.invokeSuspend(HttpCallValidator.kt:165)
	at io.ktor.util.pipeline.DebugPipelineContext.proceedLoop(DebugPipelineContext.kt:79)
	at io.ktor.client.plugins.HttpRequestLifecycleKt$HttpRequestLifecycle$1$1.invokeSuspend(HttpRequestLifecycle.kt:29)
	at io.ktor.client.plugins.SetupRequestContext$install$1.invokeSuspend(HttpRequestLifecycle.kt:42)
	at io.ktor.util.pipeline.DebugPipelineContext.proceedLoop(DebugPipelineContext.kt:79)
	at io.ktor.client.HttpClient.execute$ktor_client_core(HttpClient.kt:1420)
	at io.ktor.client.statement.HttpStatement.fetchResponse(HttpStatement.kt:207)
	at com.example.ServerTest$test root endpoint$1.invokeSuspend(ServerTest.kt:31)
	at io.ktor.server.testing.TestApplicationKt$runTestApplication$2$2.invokeSuspend(TestApplication.kt:518)
	at io.ktor.server.testing.TestApplicationKt.runTestApplication(TestApplication.kt:518)
	at io.ktor.server.testing.TestApplicationKt$testApplication$1.invokeSuspend(TestApplication.kt:502)
	at io.ktor.test.dispatcher.TestCommonKt$runTestWithRealTime$1.invokeSuspend(TestCommon.kt:49)
	at kotlinx.coroutines.test.TestBuildersKt__TestBuildersKt$runTest$2$1$1.invokeSuspend(TestBuilders.kt:317)
Caused by: io.ktor.server.config.ApplicationConfigurationException: Required environment variable &quot;JWT_SECRET&quot; not found and no default value is present
	at app//io.ktor.server.config.yaml.YamlConfigKt.resolveReference(YamlConfig.kt:230)
	at app//io.ktor.server.config.yaml.YamlConfigKt.resolveReferences(YamlConfig.kt:193)
	at app//io.ktor.server.config.yaml.YamlConfigKt.swapEnvironmentVariables$replace(YamlConfig.kt:174)
	at app//io.ktor.server.config.yaml.YamlConfigKt.swapEnvironmentVariables$replace(YamlConfig.kt:173)
	at app//io.ktor.server.config.yaml.YamlConfigKt.swapEnvironmentVariables$replace(YamlConfig.kt:173)
	at app//io.ktor.server.config.yaml.YamlConfigKt.swapEnvironmentVariables(YamlConfig.kt:179)
	at app//io.ktor.server.config.yaml.YamlConfigKt.access$swapEnvironmentVariables(YamlConfig.kt:1)
	at app//io.ktor.server.config.yaml.YamlConfig$Companion.from$ktor_server_config_yaml(YamlConfig.kt:52)
	at app//io.ktor.server.config.yaml.YamlConfigJvmKt.configFromString(YamlConfigJvm.kt:41)
	at app//io.ktor.server.config.yaml.YamlConfigJvmKt.YamlConfig(YamlConfigJvm.kt:29)
	at app//io.ktor.server.config.yaml.YamlConfigLoader.load(YamlConfig.kt:29)
	at app//io.ktor.server.config.ConfigLoader$Companion.load(ConfigLoaders.kt:59)
	at app//io.ktor.server.config.ConfigLoader$Companion.load$default(ConfigLoaders.kt:52)
	at app//io.ktor.server.config.ConfigLoader$Companion.loadAll(ConfigLoaders.kt:42)
	at app//io.ktor.server.engine.ApplicationEnvironmentBuilderKt.configure(ApplicationEnvironmentBuilder.kt:60)
	at app//io.ktor.server.testing.TestApplicationBuilder.configure$lambda$0(TestApplication.kt:349)
	at app//io.ktor.server.testing.TestApplicationBuilder.environment$lambda$0(TestApplication.kt:275)
	at app//io.ktor.server.testing.TestApplicationBuilder.properties_delegate$lambda$0$0(TestApplication.kt:197)
	at app//io.ktor.server.testing.TestEngineKt.createTestEnvironment$lambda$1(TestEngine.kt:24)
	at app//io.ktor.server.engine.ApplicationEnvironmentBuilderKt.applicationEnvironment(ApplicationEnvironmentBuilder.kt:45)
	at app//io.ktor.server.testing.TestEngineKt.createTestEnvironment(TestEngine.kt:21)
	at app//io.ktor.server.testing.TestApplicationBuilder.properties_delegate$lambda$0(TestApplication.kt:195)
	at app//kotlin.SynchronizedLazyImpl.getValue(LazyJVM.kt:86)
	at app//io.ktor.server.testing.TestApplicationBuilder.getProperties$ktor_server_test_host(TestApplication.kt:193)
	at app//io.ktor.server.testing.TestApplicationBuilder.embeddedServer_delegate$lambda$0(TestApplication.kt:212)
	at app//kotlin.SynchronizedLazyImpl.getValue(LazyJVM.kt:86)
	at app//io.ktor.server.testing.TestApplicationBuilder.getEmbeddedServer$ktor_server_test_host(TestApplication.kt:211)
	at app//io.ktor.server.testing.ApplicationTestBuilder.testApplication_delegate$lambda$0$0(TestApplication.kt:391)
	at app//io.ktor.server.testing.TestApplication.server_delegate$lambda$0(TestApplication.kt:84)
	at app//kotlin.SynchronizedLazyImpl.getValue(LazyJVM.kt:86)
	at app//io.ktor.server.testing.TestApplication.getServer$ktor_server_test_host(TestApplication.kt:84)
	at app//io.ktor.server.testing.TestApplication.applicationStarting_delegate$lambda$0(TestApplication.kt:85)
	at app//kotlin.SynchronizedLazyImpl.getValue(LazyJVM.kt:86)
	at app//io.ktor.server.testing.TestApplication.getApplicationStarting(TestApplication.kt:85)
	at app//io.ktor.server.testing.TestApplication.start(TestApplication.kt:106)
	at app//io.ktor.server.testing.client.DelegatingTestClientEngine.execute(DelegatingTestClientEngine.kt:48)
	at app//io.ktor.client.engine.HttpClientEngine$executeWithinCallContext$2.invokeSuspend(HttpClientEngine.kt:183)
	at app//kotlin.coroutines.jvm.internal.BaseContinuationImpl.resumeWith(ContinuationImpl.kt:34)
	at app//kotlinx.coroutines.DispatchedTask.run(DispatchedTask.kt:100)
	at app//kotlinx.coroutines.internal.LimitedDispatcher$Worker.run(LimitedDispatcher.kt:124)
	at app//kotlinx.coroutines.scheduling.TaskImpl.run(Tasks.kt:89)
	at app//kotlinx.coroutines.scheduling.CoroutineScheduler.runSafely(CoroutineScheduler.kt:586)
	at app//kotlinx.coroutines.scheduling.CoroutineScheduler$Worker.executeTask(CoroutineScheduler.kt:798)
	at app//kotlinx.coroutines.scheduling.CoroutineScheduler$Worker.runWorker(CoroutineScheduler.kt:717)
	at app//kotlinx.coroutines.scheduling.CoroutineScheduler$Worker.run(CoroutineScheduler.kt:704)
</failure>
  </testcase>
  <system-out><![CDATA[]]></system-out>
  <system-err><![CDATA[]]></system-err>
</testsuite>
